Applying all YAMLs in /Users/bhupinderjitsingh/airflwstudy/Projects/fitness-analytics-v3/k8/minio/base
configmap/fitness-analytics-minio-configmap created
job.batch/fitness-analytics-minio-mc-job created
secret/fitness-analytics-minio-secrets created
Warning: spec.SessionAffinity is ignored for headless services
service/fitness-analytics-minio-service created
statefulset.apps/fitness-analytics-minio-statefulset created
Applying all YAMLs in /Users/bhupinderjitsingh/airflwstudy/Projects/fitness-analytics-v3/k8/postgres/base
secret/fitness-analytics-postgres-secrets created
Warning: spec.SessionAffinity is ignored for headless services
service/fitness-analytics-postgres-service created
statefulset.apps/fitness-analytics-postgres-statefulset created
Applying all YAMLs in /Users/bhupinderjitsingh/airflwstudy/Projects/fitness-analytics-v3/k8/airflow/base
role.rbac.authorization.k8s.io/fitness-analytics-airflow-role created
rolebinding.rbac.authorization.k8s.io/fitness-analytics-airflow-rolebinding created
secret/fitness-analytics-airflow-secret created
Release "airflow" does not exist. Installing it now.
I0303 14:25:31.421853   65536 warnings.go:110] "Warning: spec.SessionAffinity is ignored for headless services"
I0303 14:25:31.421860   65536 warnings.go:110] "Warning: spec.SessionAffinity is ignored for headless services"
I0303 14:25:31.421873   65536 warnings.go:110] "Warning: spec.SessionAffinity is ignored for headless services"
NAME: airflow
LAST DEPLOYED: Tue Mar  3 14:25:30 2026
NAMESPACE: fitness-analytics-namespace
STATUS: deployed
REVISION: 1
DESCRIPTION: Install complete
TEST SUITE: None
NOTES:
Thank you for installing Apache Airflow 3.0.2!

Your release is named airflow.
You can now access your dashboard(s) by executing the following command(s) and visiting the corresponding port at localhost in your browser:
Airflow API Server:     kubectl port-forward svc/airflow-api-server 8080:8080 --namespace fitness-analytics-namespace
Default Webserver (Airflow UI) Login credentials:
    username: admin
    password: admin
Default Postgres connection credentials:
    username: postgres
    password: postgres
    port: 5432

You can get Fernet Key value by running the following:

    echo Fernet Key: $(kubectl get secret --namespace fitness-analytics-namespace airflow-fernet-key -o jsonpath="{.data.fernet-key}" | base64 --decode)
Applying all YAMLs in /Users/bhupinderjitsingh/airflwstudy/Projects/fitness-analytics-v3/k8/spark/base
configmap/fitness-analytics-spark-configmap created
secret/fitness-analytics-spark-secret created
secret/fitness-analytics-spark-secret configured
Warning: metadata.annotations[kubernetes.io/enforce-mountable-secrets]: deprecated in v1.32+; prefer separate namespaces to isolate access to mounted secrets
serviceaccount/spark created
NAME: spark-operator
LAST DEPLOYED: Tue Mar  3 14:26:08 2026
NAMESPACE: fitness-analytics-namespace
STATUS: deployed
REVISION: 1
DESCRIPTION: Install complete
TEST SUITE: None
Starting port-forwarding...
Deployment and port-forwarding started.
Forwarding from 127.0.0.1:9001 -> 9001
Forwarding from 127.0.0.1:5433 -> 5432
Forwarding from 127.0.0.1:8080 -> 8080
Forwarding from [::1]:5433 -> 5432
Forwarding from [::1]:9001 -> 9001
Forwarding from [::1]:8080 -> 8080
Handling connection for 8080
Handling connection for 8080
Handling connection for 8080
Handling connection for 8080
Handling connection for 8080
Handling connection for 8080
Handling connection for 8080
Handling connection for 8080
Handling connection for 8080
Handling connection for 8080
Handling connection for 8080
Applying all YAMLs in /Users/bhupinderjitsingh/airflwstudy/Projects/fitness-analytics-v3/k8/minio/base
configmap/fitness-analytics-minio-configmap created
job.batch/fitness-analytics-minio-mc-job created
secret/fitness-analytics-minio-secrets created
Warning: spec.SessionAffinity is ignored for headless services
service/fitness-analytics-minio-service created
statefulset.apps/fitness-analytics-minio-statefulset created
Applying all YAMLs in /Users/bhupinderjitsingh/airflwstudy/Projects/fitness-analytics-v3/k8/postgres/base
secret/fitness-analytics-postgres-secrets created
Warning: spec.SessionAffinity is ignored for headless services
service/fitness-analytics-postgres-service created
statefulset.apps/fitness-analytics-postgres-statefulset created
Applying all YAMLs in /Users/bhupinderjitsingh/airflwstudy/Projects/fitness-analytics-v3/k8/airflow/base
role.rbac.authorization.k8s.io/fitness-analytics-airflow-role created
rolebinding.rbac.authorization.k8s.io/fitness-analytics-airflow-rolebinding created
secret/fitness-analytics-airflow-secret created
Release "airflow" does not exist. Installing it now.
I0303 14:32:02.407629   66846 warnings.go:110] "Warning: spec.SessionAffinity is ignored for headless services"
I0303 14:32:02.407628   66846 warnings.go:110] "Warning: spec.SessionAffinity is ignored for headless services"
I0303 14:32:02.408896   66846 warnings.go:110] "Warning: spec.SessionAffinity is ignored for headless services"
NAME: airflow
LAST DEPLOYED: Tue Mar  3 14:32:01 2026
NAMESPACE: fitness-analytics-namespace
STATUS: deployed
REVISION: 1
DESCRIPTION: Install complete
TEST SUITE: None
NOTES:
Thank you for installing Apache Airflow 3.0.2!

Your release is named airflow.
You can now access your dashboard(s) by executing the following command(s) and visiting the corresponding port at localhost in your browser:
Airflow API Server:     kubectl port-forward svc/airflow-api-server 8080:8080 --namespace fitness-analytics-namespace
Default Webserver (Airflow UI) Login credentials:
    username: admin
    password: admin
Default Postgres connection credentials:
    username: postgres
    password: postgres
    port: 5432

You can get Fernet Key value by running the following:

    echo Fernet Key: $(kubectl get secret --namespace fitness-analytics-namespace airflow-fernet-key -o jsonpath="{.data.fernet-key}" | base64 --decode)
Applying all YAMLs in /Users/bhupinderjitsingh/airflwstudy/Projects/fitness-analytics-v3/k8/spark/base
configmap/fitness-analytics-spark-configmap created
secret/fitness-analytics-spark-secret created
secret/fitness-analytics-spark-secret configured
Warning: metadata.annotations[kubernetes.io/enforce-mountable-secrets]: deprecated in v1.32+; prefer separate namespaces to isolate access to mounted secrets
serviceaccount/spark created
NAME: spark-operator
LAST DEPLOYED: Tue Mar  3 14:32:39 2026
NAMESPACE: fitness-analytics-namespace
STATUS: deployed
REVISION: 1
DESCRIPTION: Install complete
TEST SUITE: None
Starting port-forwarding...
Deployment and port-forwarding started.
Forwarding from 127.0.0.1:5433 -> 5432
Forwarding from 127.0.0.1:8080 -> 8080
Forwarding from [::1]:8080 -> 8080
Forwarding from [::1]:5433 -> 5432
Forwarding from 127.0.0.1:9001 -> 9001
Forwarding from [::1]:9001 -> 9001
Handling connection for 8080
Handling connection for 8080
Handling connection for 8080
Handling connection for 8080
Handling connection for 8080
Handling connection for 8080
Applying all YAMLs in /Users/bhupinderjitsingh/airflwstudy/Projects/fitness-analytics-v3/k8/minio/base
configmap/fitness-analytics-minio-configmap created
job.batch/fitness-analytics-minio-mc-job created
secret/fitness-analytics-minio-secrets created
Warning: spec.SessionAffinity is ignored for headless services
service/fitness-analytics-minio-service created
statefulset.apps/fitness-analytics-minio-statefulset created
Applying all YAMLs in /Users/bhupinderjitsingh/airflwstudy/Projects/fitness-analytics-v3/k8/postgres/base
secret/fitness-analytics-postgres-secrets created
Warning: spec.SessionAffinity is ignored for headless services
service/fitness-analytics-postgres-service created
statefulset.apps/fitness-analytics-postgres-statefulset created
Applying all YAMLs in /Users/bhupinderjitsingh/airflwstudy/Projects/fitness-analytics-v3/k8/airflow/base
role.rbac.authorization.k8s.io/fitness-analytics-airflow-role created
rolebinding.rbac.authorization.k8s.io/fitness-analytics-airflow-rolebinding created
secret/fitness-analytics-airflow-secret created
Release "airflow" does not exist. Installing it now.
I0303 14:42:10.035254   69106 warnings.go:110] "Warning: spec.SessionAffinity is ignored for headless services"
I0303 14:42:10.035256   69106 warnings.go:110] "Warning: spec.SessionAffinity is ignored for headless services"
I0303 14:42:10.035822   69106 warnings.go:110] "Warning: spec.SessionAffinity is ignored for headless services"
NAME: airflow
LAST DEPLOYED: Tue Mar  3 14:42:09 2026
NAMESPACE: fitness-analytics-namespace
STATUS: deployed
REVISION: 1
DESCRIPTION: Install complete
TEST SUITE: None
NOTES:
Thank you for installing Apache Airflow 3.0.2!

Your release is named airflow.
You can now access your dashboard(s) by executing the following command(s) and visiting the corresponding port at localhost in your browser:
Airflow API Server:     kubectl port-forward svc/airflow-api-server 8080:8080 --namespace fitness-analytics-namespace
Default Webserver (Airflow UI) Login credentials:
    username: admin
    password: admin
Default Postgres connection credentials:
    username: postgres
    password: postgres
    port: 5432

You can get Fernet Key value by running the following:

    echo Fernet Key: $(kubectl get secret --namespace fitness-analytics-namespace airflow-fernet-key -o jsonpath="{.data.fernet-key}" | base64 --decode)
Applying all YAMLs in /Users/bhupinderjitsingh/airflwstudy/Projects/fitness-analytics-v3/k8/spark/base
configmap/fitness-analytics-spark-configmap created
secret/fitness-analytics-spark-secret created
secret/fitness-analytics-spark-secret configured
Warning: metadata.annotations[kubernetes.io/enforce-mountable-secrets]: deprecated in v1.32+; prefer separate namespaces to isolate access to mounted secrets
serviceaccount/spark created
NAME: spark-operator
LAST DEPLOYED: Tue Mar  3 14:42:47 2026
NAMESPACE: fitness-analytics-namespace
STATUS: deployed
REVISION: 1
DESCRIPTION: Install complete
TEST SUITE: None
Starting port-forwarding...
Deployment and port-forwarding started.
Forwarding from 127.0.0.1:9001 -> 9001
Forwarding from [::1]:9001 -> 9001
Forwarding from 127.0.0.1:8080 -> 8080
Forwarding from [::1]:8080 -> 8080
Forwarding from 127.0.0.1:5433 -> 5432
Forwarding from [::1]:5433 -> 5432
Handling connection for 8080
Handling connection for 8080
Handling connection for 8080
Handling connection for 8080
Handling connection for 8080
Handling connection for 8080
Handling connection for 8080
Handling connection for 8080
Handling connection for 8080
Handling connection for 8080
Handling connection for 8080
Handling connection for 8080
Handling connection for 8080
Handling connection for 8080
Handling connection for 8080
Handling connection for 8080
Handling connection for 8080
Handling connection for 8080
Handling connection for 8080
Handling connection for 8080
Handling connection for 8080
Handling connection for 8080
Handling connection for 8080
Handling connection for 8080
Handling connection for 8080
Handling connection for 8080
